# JRE version: OpenJDK Runtime Environment (17.0.7) (build 17.0.7+0-b2043.56-10550314)
# Java VM: OpenJDK 64-Bit Server VM (17.0.7+0-b2043.56-10550314, mixed mode, tiered, compressed oops, compressed class ptrs, g1 gc, windows-amd64)
GC Precious Log:
 CPUs: 8 total, 8 available
 Memory: 6081M
 Large Page Support: Disabled
 NUMA Support: Disabled
 Compressed Oops: Enabled (Zero based)
 Heap Region Size: 2M
 Heap Min Capacity: 8M
 Heap Initial Capacity: 96M
 Heap Max Capacity: 4G
 Pre-touch: Disabled
 Parallel Workers: 8
 Concurrent Workers: 2
 Concurrent Refinement Workers: 8
 Periodic GC: Disabled
Heap:
 garbage-first heap   total 131072K, used 91875K [0x0000000700000000, 0x0000000800000000)
  region size 2048K, 13 young (26624K), 2 survivors (4096K)
 Metaspace       used 79261K, committed 79872K, reserved 1179648K
  class space    used 10705K, committed 10944K, reserved 1048576K
GC Heap History (20 events):
Event: 19.548 GC heap before
{Heap before GC invocations=26 (full 0):
 garbage-first heap   total 75776K, used 47031K [0x0000000700000000, 0x0000000800000000)
  region size 2048K, 6 young (12288K), 2 survivors (4096K)
 Metaspace       used 63738K, committed 64320K, reserved 1114112K
  class space    used 8740K, committed 9024K, reserved 1048576K
}
Event: 19.553 GC heap after
{Heap after GC invocations=27 (full 0):
 garbage-first heap   total 75776K, used 46999K [0x0000000700000000, 0x0000000800000000)
  region size 2048K, 1 young (2048K), 1 survivors (2048K)
 Metaspace       used 63738K, committed 64320K, reserved 1114112K
  class space    used 8740K, committed 9024K, reserved 1048576K
}
Event: 19.964 GC heap before
{Heap before GC invocations=28 (full 0):
 garbage-first heap   total 86016K, used 59287K [0x0000000700000000, 0x0000000800000000)
  region size 2048K, 6 young (12288K), 1 survivors (2048K)
 Metaspace       used 64217K, committed 64768K, reserved 1114112K
  class space    used 8800K, committed 9024K, reserved 1048576K
}
Event: 19.968 GC heap after
{Heap after GC invocations=29 (full 0):
 garbage-first heap   total 86016K, used 51326K [0x0000000700000000, 0x0000000800000000)
  region size 2048K, 1 young (2048K), 1 survivors (2048K)
 Metaspace       used 64217K, committed 64768K, reserved 1114112K
  class space    used 8800K, committed 9024K, reserved 1048576K
}
Event: 20.360 GC heap before
{Heap before GC invocations=29 (full 0):
 garbage-first heap   total 86016K, used 57470K [0x0000000700000000, 0x0000000800000000)
  region size 2048K, 5 young (10240K), 1 survivors (2048K)
 Metaspace       used 64454K, committed 65024K, reserved 1114112K
  class space    used 8833K, committed 9088K, reserved 1048576K
}
Event: 20.364 GC heap after
{Heap after GC invocations=30 (full 0):
 garbage-first heap   total 86016K, used 52401K [0x0000000700000000, 0x0000000800000000)
  region size 2048K, 1 young (2048K), 1 survivors (2048K)
 Metaspace       used 64454K, committed 65024K, reserved 1114112K
  class space    used 8833K, committed 9088K, reserved 1048576K
}
Event: 20.452 GC heap before
{Heap before GC invocations=31 (full 0):
 garbage-first heap   total 100352K, used 54449K [0x0000000700000000, 0x0000000800000000)
  region size 2048K, 2 young (4096K), 1 survivors (2048K)
 Metaspace       used 64454K, committed 65024K, reserved 1114112K
  class space    used 8833K, committed 9088K, reserved 1048576K
}
Event: 20.455 GC heap after
{Heap after GC invocations=32 (full 0):
 garbage-first heap   total 100352K, used 54811K [0x0000000700000000, 0x0000000800000000)
  region size 2048K, 1 young (2048K), 1 survivors (2048K)
 Metaspace       used 64454K, committed 65024K, reserved 1114112K
  class space    used 8833K, committed 9088K, reserved 1048576K
}
Event: 21.038 GC heap before
{Heap before GC invocations=33 (full 0):
 garbage-first heap   total 106496K, used 77339K [0x0000000700000000, 0x0000000800000000)
  region size 2048K, 10 young (20480K), 1 survivors (2048K)
 Metaspace       used 66527K, committed 67072K, reserved 1114112K
  class space    used 9111K, committed 9344K, reserved 1048576K
}
Event: 21.041 GC heap after
{Heap after GC invocations=34 (full 0):
 garbage-first heap   total 106496K, used 60221K [0x0000000700000000, 0x0000000800000000)
  region size 2048K, 2 young (4096K), 2 survivors (4096K)
 Metaspace       used 66527K, committed 67072K, reserved 1114112K
  class space    used 9111K, committed 9344K, reserved 1048576K
}
Event: 21.659 GC heap before
{Heap before GC invocations=34 (full 0):
 garbage-first heap   total 106496K, used 78653K [0x0000000700000000, 0x0000000800000000)
  region size 2048K, 11 young (22528K), 2 survivors (4096K)
 Metaspace       used 69137K, committed 69760K, reserved 1114112K
  class space    used 9461K, committed 9728K, reserved 1048576K
}
Event: 21.663 GC heap after
{Heap after GC invocations=35 (full 0):
 garbage-first heap   total 106496K, used 61112K [0x0000000700000000, 0x0000000800000000)
  region size 2048K, 2 young (4096K), 2 survivors (4096K)
 Metaspace       used 69137K, committed 69760K, reserved 1114112K
  class space    used 9461K, committed 9728K, reserved 1048576K
}
Event: 22.321 GC heap before
{Heap before GC invocations=36 (full 0):
 garbage-first heap   total 110592K, used 79544K [0x0000000700000000, 0x0000000800000000)
  region size 2048K, 11 young (22528K), 2 survivors (4096K)
 Metaspace       used 72222K, committed 72832K, reserved 1114112K
  class space    used 9753K, committed 10048K, reserved 1048576K
}
Event: 22.324 GC heap after
{Heap after GC invocations=37 (full 0):
 garbage-first heap   total 110592K, used 61751K [0x0000000700000000, 0x0000000800000000)
  region size 2048K, 1 young (2048K), 1 survivors (2048K)
 Metaspace       used 72222K, committed 72832K, reserved 1114112K
  class space    used 9753K, committed 10048K, reserved 1048576K
}
Event: 22.715 GC heap before
{Heap before GC invocations=37 (full 0):
 garbage-first heap   total 110592K, used 82231K [0x0000000700000000, 0x0000000800000000)
  region size 2048K, 12 young (24576K), 1 survivors (2048K)
 Metaspace       used 74157K, committed 74752K, reserved 1114112K
  class space    used 9980K, committed 10240K, reserved 1048576K
}
Event: 22.721 GC heap after
{Heap after GC invocations=38 (full 0):
 garbage-first heap   total 110592K, used 68842K [0x0000000700000000, 0x0000000800000000)
  region size 2048K, 2 young (4096K), 2 survivors (4096K)
 Metaspace       used 74157K, committed 74752K, reserved 1114112K
  class space    used 9980K, committed 10240K, reserved 1048576K
}
Event: 23.160 GC heap before
{Heap before GC invocations=39 (full 0):
 garbage-first heap   total 122880K, used 85226K [0x0000000700000000, 0x0000000800000000)
  region size 2048K, 10 young (20480K), 2 survivors (4096K)
 Metaspace       used 75569K, committed 76160K, reserved 1179648K
  class space    used 10178K, committed 10432K, reserved 1048576K
}
Event: 23.164 GC heap after
{Heap after GC invocations=40 (full 0):
 garbage-first heap   total 122880K, used 69691K [0x0000000700000000, 0x0000000800000000)
  region size 2048K, 1 young (2048K), 1 survivors (2048K)
 Metaspace       used 75569K, committed 76160K, reserved 1179648K
  class space    used 10178K, committed 10432K, reserved 1048576K
}
Event: 23.562 GC heap before
{Heap before GC invocations=40 (full 0):
 garbage-first heap   total 122880K, used 94267K [0x0000000700000000, 0x0000000800000000)
  region size 2048K, 13 young (26624K), 1 survivors (2048K)
 Metaspace       used 77489K, committed 78080K, reserved 1179648K
  class space    used 10399K, committed 10688K, reserved 1048576K
}
Event: 23.566 GC heap after
{Heap after GC invocations=41 (full 0):
 garbage-first heap   total 122880K, used 71395K [0x0000000700000000, 0x0000000800000000)
  region size 2048K, 2 young (4096K), 2 survivors (4096K)
 Metaspace       used 77489K, committed 78080K, reserved 1179648K
  class space    used 10399K, committed 10688K, reserved 1048576K
}

